<?xml version="1.0" encoding="UTF-8"?>
<Site BuildName="Linux-g++-8"
	BuildStamp="20200508-0825-Experimental"
	Name="PC-Aliver"
	Generator="ctest-3.13.4"
	CompilerName="/usr/bin/g++-8"
	CompilerVersion="8.3.0"
	OSName="Linux"
	Hostname="PC-Aliver"
	OSRelease="4.4.0-18362-Microsoft"
	OSVersion="#476-Microsoft Fri Nov 01 16:53:00 PST 2019"
	OSPlatform="x86_64"
	Is64Bits="1"
	VendorString="GenuineIntel"
	VendorID="Intel Corporation"
	FamilyID="6"
	ModelID="158"
	ProcessorCacheSize="256"
	NumberOfLogicalCPU="4"
	NumberOfPhysicalCPU="4"
	TotalVirtualMemory="15103"
	TotalPhysicalMemory="16259"
	LogicalProcessorsPerPhysical="1"
	ProcessorClockFrequency="2501"
	>
	<Testing>
		<StartDateTime>May 08 16:25 CST</StartDateTime>
		<StartTestTime>1588926329</StartTestTime>
		<TestList/>
		<EndDateTime>May 08 16:25 CST</EndDateTime>
		<EndTestTime>1588926329</EndTestTime>
		<ElapsedMinutes>0</ElapsedMinutes>
	</Testing>
</Site>
